\BOOKMARK [1][-]{section.1}{\376\377\000E\000i\000n\000f\000\374\000h\000r\000u\000n\000g\000\040\000i\000n\000\040\000I\000o\000T}{}% 1
\BOOKMARK [1][-]{section.2}{\376\377\000I\000o\000T\000\040\000S\000o\000f\000t\000w\000a\000r\000e\000\040\000L\000a\000y\000e\000r\000s}{}% 2
\BOOKMARK [2][-]{subsection.2.1}{\376\377\000D\000e\000v\000i\000c\000e\000-\000L\000a\000y\000e\000r\000\040\000\050\000G\000e\000r\000\344\000t\000e\000-\000S\000c\000h\000i\000c\000h\000t\000\051}{section.2}% 3
\BOOKMARK [2][-]{subsection.2.2}{\376\377\000K\000o\000m\000m\000u\000n\000i\000k\000a\000t\000i\000o\000n\000-\000L\000a\000y\000e\000r\000\040\000\050\000K\000o\000m\000m\000u\000n\000i\000k\000a\000t\000i\000o\000n\000s\000s\000c\000h\000i\000c\000h\000t\000\051}{section.2}% 4
\BOOKMARK [3][-]{subsubsection.2.2.1}{\376\377\000K\000N\000X}{subsection.2.2}% 5
\BOOKMARK [3][-]{subsubsection.2.2.2}{\376\377\000M\000Q\000T\000T}{subsection.2.2}% 6
\BOOKMARK [2][-]{subsection.2.3}{\376\377\000C\000l\000o\000u\000d\000-\000L\000a\000y\000e\000r\000\040\000\050\000C\000l\000o\000u\000d\000-\000S\000c\000h\000i\000c\000h\000t\000\051}{section.2}% 7
\BOOKMARK [3][-]{subsubsection.2.3.1}{\376\377\000A\000W\000S\000\040\000I\000o\000T}{subsection.2.3}% 8
\BOOKMARK [3][-]{subsubsection.2.3.2}{\376\377\000C\000i\000s\000c\000o\000\040\000I\000o\000T\000\040\000C\000l\000o\000u\000d\000\040\000C\000o\000n\000n\000e\000c\000t}{subsection.2.3}% 9
\BOOKMARK [3][-]{subsubsection.2.3.3}{\376\377\000G\000o\000o\000g\000l\000e\000\040\000C\000l\000o\000u\000d\000\040\000I\000o\000T}{subsection.2.3}% 10
\BOOKMARK [2][-]{subsection.2.4}{\376\377\000A\000p\000p\000l\000i\000c\000a\000t\000i\000o\000n\000-\000L\000a\000y\000e\000r\000\040\000\050\000A\000n\000w\000e\000n\000d\000u\000n\000g\000s\000s\000c\000h\000i\000c\000h\000t\000\051}{section.2}% 11
\BOOKMARK [1][-]{section.3}{\376\377\000M\000a\000t\000t\000e\000r}{}% 12
\BOOKMARK [2][-]{subsection.3.1}{\376\377\000E\000i\000g\000e\000n\000s\000c\000h\000a\000f\000t\000e\000n}{section.3}% 13
\BOOKMARK [2][-]{subsection.3.2}{\376\377\000F\000u\000n\000k\000t\000i\000o\000n\000s\000w\000e\000i\000s\000e}{section.3}% 14
\BOOKMARK [2][-]{subsection.3.3}{\376\377\000D\000e\000v\000i\000c\000e\000\040\000D\000a\000t\000a\000\040\000M\000o\000d\000e\000l}{section.3}% 15
\BOOKMARK [3][-]{subsubsection.3.3.1}{\376\377\000D\000e\000v\000i\000c\000e\000\040\000T\000y\000p\000e\000s}{subsection.3.3}% 16
\BOOKMARK [3][-]{subsubsection.3.3.2}{\376\377\000N\000o\000d\000e\000s}{subsection.3.3}% 17
\BOOKMARK [3][-]{subsubsection.3.3.3}{\376\377\000E\000n\000d\000p\000o\000i\000n\000t\000s}{subsection.3.3}% 18
\BOOKMARK [3][-]{subsubsection.3.3.4}{\376\377\000C\000o\000m\000m\000a\000n\000d\000s\000\040\000u\000n\000d\000\040\000E\000v\000e\000n\000t\000s}{subsection.3.3}% 19
\BOOKMARK [3][-]{subsubsection.3.3.5}{\376\377\000C\000l\000u\000s\000t\000e\000r\000\040\000u\000n\000d\000\040\000A\000t\000t\000r\000i\000b\000u\000t\000e\000s}{subsection.3.3}% 20
\BOOKMARK [2][-]{subsection.3.4}{\376\377\000I\000n\000t\000e\000r\000a\000c\000t\000i\000o\000n\000\040\000M\000o\000d\000e\000l}{section.3}% 21
\BOOKMARK [3][-]{subsubsection.3.4.1}{\376\377\000R\000e\000a\000d\000\040\000T\000r\000a\000n\000s\000a\000k\000t\000i\000o\000n}{subsection.3.4}% 22
\BOOKMARK [3][-]{subsubsection.3.4.2}{\376\377\000W\000r\000i\000t\000e\000\040\000T\000r\000a\000n\000s\000a\000c\000t\000i\000o\000n}{subsection.3.4}% 23
\BOOKMARK [3][-]{subsubsection.3.4.3}{\376\377\000I\000n\000v\000o\000k\000e\000\040\000T\000r\000a\000n\000s\000a\000c\000t\000i\000o\000n}{subsection.3.4}% 24
\BOOKMARK [3][-]{subsubsection.3.4.4}{\376\377\000I\000n\000v\000o\000k\000e\000\040\000T\000r\000a\000n\000s\000a\000c\000t\000i\000o\000n}{subsection.3.4}% 25
\BOOKMARK [0][-]{figure.caption.5}{\376\377\000A\000b\000b\000i\000l\000d\000u\000n\000g\000s\000v\000e\000r\000z\000e\000i\000c\000h\000n\000i\000s}{}% 26
